#
# There is insufficient memory for the Java Runtime Environment to continue.
# Native memory allocation (malloc) failed to allocate 32744 bytes for Chunk::new
# Possible reasons:
#   The system is out of physical RAM or swap space
#   The process is running with CompressedOops enabled, and the Java Heap may be blocking the growth of the native heap
# Possible solutions:
#   Reduce memory load on the system
#   Increase physical memory or swap space
#   Check if swap backing store is full
#   Decrease Java heap size (-Xmx/-Xms)
#   Decrease number of Java threads
#   Decrease Java thread stack sizes (-Xss)
#   Set larger code cache with -XX:ReservedCodeCacheSize=
#   JVM is running with Zero Based Compressed Oops mode in which the Java heap is
#     placed in the first 32GB address space. The Java Heap base address is the
#     maximum limit for the native heap growth. Please use -XX:HeapBaseMinAddress
#     to set the Java Heap base and to place the Java Heap above 32GB virtual address.
# This output file may be truncated or incomplete.
#
#  Out of Memory Error (arena.cpp:184), pid=29560, tid=19888
#
# JRE version: OpenJDK Runtime Environment Corretto-18.0.2.9.1 (18.0.2+9) (build 18.0.2+9-FR)
# Java VM: OpenJDK 64-Bit Server VM Corretto-18.0.2.9.1 (18.0.2+9-FR, mixed mode, sharing, tiered, compressed oops, compressed class ptrs, g1 gc, windows-amd64)
# No core dump will be written. Minidumps are not enabled by default on client versions of Windows
#

---------------  S U M M A R Y ------------

Command Line: org.jetbrains.kotlin.cli.jvm.K2JVMCompiler @C:\Users\basma\Downloads\quick-draw-BasmaSalim2005-main\quick-draw-BasmaSalim2005-main\build\20240830_14758524541190422896.compiler.options

Host: Intel(R) Core(TM) i5-7300U CPU @ 2.60GHz, 4 cores, 15G,  Windows 11 , 64 bit Build 22621 (10.0.22621.3672)
Time: Fri Aug 30 11:54:03 2024 Europe de l , 64 bit Build 22621 (10.0.22621.3672) elapsed time: 3.517847 seconds (0d 0h 0m 3s)

---------------  T H R E A D  ---------------

Current thread (0x0000026236e1e6e0):  JavaThread "C2 CompilerThread0" daemon [_thread_in_native, id=19888, stack(0x0000006be6900000,0x0000006be6a00000)]


Current CompileTask:
C2:   3517 1470   !   4       jdk.internal.loader.BuiltinClassLoader::loadClassOrNull (143 bytes)

Stack: [0x0000006be6900000,0x0000006be6a00000]
Native frames: (J=compiled Java code, j=interpreted, Vv=VM code, C=native code)
V  [jvm.dll+0x685a2a]
V  [jvm.dll+0x82ae8d]
V  [jvm.dll+0x82c75e]
V  [jvm.dll+0x82ce03]
V  [jvm.dll+0x25ef4b]
V  [jvm.dll+0xd42d2]
V  [jvm.dll+0xd4665]
V  [jvm.dll+0x663100]
V  [jvm.dll+0x360090]
V  [jvm.dll+0x695342]
V  [jvm.dll+0x692daf]
V  [jvm.dll+0x1c3a6c]
V  [jvm.dll+0x1c46c8]
V  [jvm.dll+0x2c9a31]
V  [jvm.dll+0x69dbc7]
V  [jvm.dll+0x695d1f]
V  [jvm.dll+0x6953a4]
V  [jvm.dll+0x692daf]
V  [jvm.dll+0x1c3a6c]
V  [jvm.dll+0x1c46c8]
V  [jvm.dll+0x1c46c8]
V  [jvm.dll+0x2c9a31]
V  [jvm.dll+0x69dbc7]
V  [jvm.dll+0x695d1f]
V  [jvm.dll+0x6953a4]
V  [jvm.dll+0x692daf]
V  [jvm.dll+0x1c3a6c]
V  [jvm.dll+0x1c46c8]
V  [jvm.dll+0x2c9a31]
V  [jvm.dll+0x69dbc7]
V  [jvm.dll+0x695d1f]
V  [jvm.dll+0x6953a4]
V  [jvm.dll+0x692daf]
V  [jvm.dll+0x1c3a6c]
V  [jvm.dll+0x1c46c8]
V  [jvm.dll+0x2c9a31]
V  [jvm.dll+0x69dbc7]
V  [jvm.dll+0x695d1f]
V  [jvm.dll+0x6953a4]
V  [jvm.dll+0x692daf]
V  [jvm.dll+0x1c3a6c]
V  [jvm.dll+0x1c46c8]
V  [jvm.dll+0x1c46c8]
V  [jvm.dll+0x1c460a]
V  [jvm.dll+0x2c9a31]
V  [jvm.dll+0x69dbc7]
V  [jvm.dll+0x695d1f]
V  [jvm.dll+0x6953a4]
V  [jvm.dll+0x692daf]
V  [jvm.dll+0x1c3a6c]
V  [jvm.dll+0x1c46c8]
V  [jvm.dll+0x2c9a31]
V  [jvm.dll+0x69dbc7]
V  [jvm.dll+0x695d1f]
V  [jvm.dll+0x6953a4]
V  [jvm.dll+0x692daf]
V  [jvm.dll+0x1c3a6c]
V  [jvm.dll+0x232b71]
V  [jvm.dll+0x1c0a35]
V  [jvm.dll+0x24212c]
V  [jvm.dll+0x240534]
V  [jvm.dll+0x7df6db]
V  [jvm.dll+0x7d9cba]
V  [jvm.dll+0x6848a5]
C  [ucrtbase.dll+0x29333]
C  [KERNEL32.DLL+0x1257d]
C  [ntdll.dll+0x5af28]


---------------  P R O C E S S  ---------------

Threads class SMR info:
_java_thread_list=0x000002623b7ab300, length=12, elements={
0x0000026212730f10, 0x0000026236dfe5d0, 0x0000026236dff230, 0x0000026236e19d20,
0x0000026236e1a6c0, 0x0000026236e1b060, 0x0000026236e1da10, 0x0000026236e1e6e0,
0x0000026236e1f0c0, 0x0000026236e8dd60, 0x000002623b09f030, 0x000002623b0a1500
}

Java Threads: ( => current thread )
  0x0000026212730f10 JavaThread "main" [_thread_in_vm, id=5988, stack(0x0000006be5c00000,0x0000006be5d00000)]
  0x0000026236dfe5d0 JavaThread "Reference Handler" daemon [_thread_blocked, id=31632, stack(0x0000006be6300000,0x0000006be6400000)]
  0x0000026236dff230 JavaThread "Finalizer" daemon [_thread_blocked, id=29324, stack(0x0000006be6400000,0x0000006be6500000)]
  0x0000026236e19d20 JavaThread "Signal Dispatcher" daemon [_thread_blocked, id=17332, stack(0x0000006be6500000,0x0000006be6600000)]
  0x0000026236e1a6c0 JavaThread "Attach Listener" daemon [_thread_blocked, id=34544, stack(0x0000006be6600000,0x0000006be6700000)]
  0x0000026236e1b060 JavaThread "Service Thread" daemon [_thread_blocked, id=7212, stack(0x0000006be6700000,0x0000006be6800000)]
  0x0000026236e1da10 JavaThread "Monitor Deflation Thread" daemon [_thread_blocked, id=35432, stack(0x0000006be6800000,0x0000006be6900000)]
=>0x0000026236e1e6e0 JavaThread "C2 CompilerThread0" daemon [_thread_in_native, id=19888, stack(0x0000006be6900000,0x0000006be6a00000)]
  0x0000026236e1f0c0 JavaThread "C1 CompilerThread0" daemon [_thread_blocked, id=18084, stack(0x0000006be6a00000,0x0000006be6b00000)]
  0x0000026236e8dd60 JavaThread "Sweeper thread" daemon [_thread_blocked, id=18812, stack(0x0000006be6b00000,0x0000006be6c00000)]
  0x000002623b09f030 JavaThread "Notification Thread" daemon [_thread_blocked, id=18700, stack(0x0000006be6c00000,0x0000006be6d00000)]
  0x000002623b0a1500 JavaThread "Common-Cleaner" daemon [_thread_blocked, id=11092, stack(0x0000006be6e00000,0x0000006be6f00000)]

Other Threads:
  0x0000026236df8520 VMThread "VM Thread" [stack: 0x0000006be6200000,0x0000006be6300000] [id=31804]
  0x0000026236eaecc0 WatcherThread "VM Periodic Task Thread" [stack: 0x0000006be6d00000,0x0000006be6e00000] [id=23388]
  0x00000262127a3650 WorkerThread "GC Thread#0" [stack: 0x0000006be5d00000,0x0000006be5e00000] [id=7600]
  0x000002623b44f460 WorkerThread "GC Thread#1" [stack: 0x0000006be6f00000,0x0000006be7000000] [id=28564]
  0x000002623b43a4b0 WorkerThread "GC Thread#2" [stack: 0x0000006be7000000,0x0000006be7100000] [id=28132]
  0x000002623b43a750 WorkerThread "GC Thread#3" [stack: 0x0000006be7100000,0x0000006be7200000] [id=24296]
  0x00000262127b4390 ConcurrentGCThread "G1 Main Marker" [stack: 0x0000006be5e00000,0x0000006be5f00000] [id=20724]
  0x00000262127b4d80 WorkerThread "G1 Conc#0" [stack: 0x0000006be5f00000,0x0000006be6000000] [id=20912]
  0x00000262127ed9d0 ConcurrentGCThread "G1 Refine#0" [stack: 0x0000006be6000000,0x0000006be6100000] [id=33244]
  0x00000262127ee2e0 ConcurrentGCThread "G1 Service" [stack: 0x0000006be6100000,0x0000006be6200000] [id=29968]

Threads with active compile tasks:
C2 CompilerThread0     3589 1470   !   4       jdk.internal.loader.BuiltinClassLoader::loadClassOrNull (143 bytes)

VM state: not at safepoint (normal execution)

VM Mutex/Monitor currently owned by a thread:  ([mutex/lock_event])
[0x00000262124fa660] Metaspace_lock - owner thread: 0x0000026212730f10

Heap address: 0x0000000701e00000, size: 4066 MB, Compressed Oops mode: Zero based, Oop shift amount: 3

CDS archive(s) mapped at: [0x0000000800000000-0x0000000800ba0000-0x0000000800ba0000), size 12189696, SharedBaseAddress: 0x0000000800000000, ArchiveRelocationMode: 0.
Compressed class space mapped at: 0x0000000800c00000-0x0000000840c00000, reserved size: 1073741824
Narrow klass base: 0x0000000800000000, Narrow klass shift: 0, Narrow klass range: 0x100000000

GC Precious Log:
 CardTable entry size: 512
 Card Set container configuration: InlinePtr #cards 4 size 8 Array Of Cards #cards 16 size 48 Howl #buckets 8 coarsen threshold 3686 Howl Bitmap #cards 512 size 80 coarsen threshold 460 Card regions per heap region 1 cards per card region 4096
 CPUs: 4 total, 4 available
 Memory: 16259M
 Large Page Support: Disabled
 NUMA Support: Disabled
 Compressed Oops: Enabled (Zero based)
 Heap Region Size: 2M
 Heap Min Capacity: 8M
 Heap Initial Capacity: 256M
 Heap Max Capacity: 4066M
 Pre-touch: Disabled
 Parallel Workers: 4
 Concurrent Workers: 1
 Concurrent Refinement Workers: 4
 Periodic GC: Disabled

Heap:
 garbage-first heap   total 262144K, used 18681K [0x0000000701e00000, 0x0000000800000000)
  region size 2048K, 8 young (16384K), 2 survivors (4096K)
 Metaspace       used 18369K, committed 18624K, reserved 1114112K
  class space    used 2443K, committed 2560K, reserved 1048576K

Heap Regions: E=young(eden), S=young(survivor), O=old, HS=humongous(starts), HC=humongous(continues), CS=collection set, F=free, OA=open archive, CA=closed archive, TAMS=top-at-mark-start (previous, next)
|   0|0x0000000701e00000, 0x0000000702000000, 0x0000000702000000|100%|HS|  |TAMS 0x0000000701e00000, 0x0000000701e00000| Complete 
|   1|0x0000000702000000, 0x0000000702200000, 0x0000000702200000|100%|HC|  |TAMS 0x0000000702000000, 0x0000000702000000| Complete 
|   2|0x0000000702200000, 0x0000000702400000, 0x0000000702400000|100%| O|  |TAMS 0x0000000702200000, 0x0000000702200000| Untracked 
|   3|0x0000000702400000, 0x0000000702411600, 0x0000000702600000|  3%| O|  |TAMS 0x0000000702400000, 0x0000000702400000| Untracked 
|   4|0x0000000702600000, 0x0000000702600000, 0x0000000702800000|  0%| F|  |TAMS 0x0000000702600000, 0x0000000702600000| Untracked 
|   5|0x0000000702800000, 0x0000000702800000, 0x0000000702a00000|  0%| F|  |TAMS 0x0000000702800000, 0x0000000702800000| Untracked 
|   6|0x0000000702a00000, 0x0000000702a00000, 0x0000000702c00000|  0%| F|  |TAMS 0x0000000702a00000, 0x0000000702a00000| Untracked 
|   7|0x0000000702c00000, 0x0000000702c00000, 0x0000000702e00000|  0%| F|  |TAMS 0x0000000702c00000, 0x0000000702c00000| Untracked 
|   8|0x0000000702e00000, 0x0000000702e00000, 0x0000000703000000|  0%| F|  |TAMS 0x0000000702e00000, 0x0000000702e00000| Untracked 
|   9|0x0000000703000000, 0x0000000703000000, 0x0000000703200000|  0%| F|  |TAMS 0x0000000703000000, 0x0000000703000000| Untracked 
|  10|0x0000000703200000, 0x0000000703200000, 0x0000000703400000|  0%| F|  |TAMS 0x0000000703200000, 0x0000000703200000| Untracked 
|  11|0x0000000703400000, 0x0000000703400000, 0x0000000703600000|  0%| F|  |TAMS 0x0000000703400000, 0x0000000703400000| Untracked 
|  12|0x0000000703600000, 0x0000000703600000, 0x0000000703800000|  0%| F|  |TAMS 0x0000000703600000, 0x0000000703600000| Untracked 
|  13|0x0000000703800000, 0x0000000703800000, 0x0000000703a00000|  0%| F|  |TAMS 0x0000000703800000, 0x0000000703800000| Untracked 
|  14|0x0000000703a00000, 0x0000000703a00000, 0x0000000703c00000|  0%| F|  |TAMS 0x0000000703a00000, 0x0000000703a00000| Untracked 
|  15|0x0000000703c00000, 0x0000000703c00000, 0x0000000703e00000|  0%| F|  |TAMS 0x0000000703c00000, 0x0000000703c00000| Untracked 
|  16|0x0000000703e00000, 0x0000000703e00000, 0x0000000704000000|  0%| F|  |TAMS 0x0000000703e00000, 0x0000000703e00000| Untracked 
|  17|0x0000000704000000, 0x0000000704000000, 0x0000000704200000|  0%| F|  |TAMS 0x0000000704000000, 0x0000000704000000| Untracked 
|  18|0x0000000704200000, 0x0000000704200000, 0x0000000704400000|  0%| F|  |TAMS 0x0000000704200000, 0x0000000704200000| Untracked 
|  19|0x0000000704400000, 0x0000000704400000, 0x0000000704600000|  0%| F|  |TAMS 0x0000000704400000, 0x0000000704400000| Untracked 
|  20|0x0000000704600000, 0x0000000704600000, 0x0000000704800000|  0%| F|  |TAMS 0x0000000704600000, 0x0000000704600000| Untracked 
|  21|0x0000000704800000, 0x0000000704800000, 0x0000000704a00000|  0%| F|  |TAMS 0x0000000704800000, 0x0000000704800000| Untracked 
|  22|0x0000000704a00000, 0x0000000704a00000, 0x0000000704c00000|  0%| F|  |TAMS 0x0000000704a00000, 0x0000000704a00000| Untracked 
|  23|0x0000000704c00000, 0x0000000704c00000, 0x0000000704e00000|  0%| F|  |TAMS 0x0000000704c00000, 0x0000000704c00000| Untracked 
|  24|0x0000000704e00000, 0x0000000704e00000, 0x0000000705000000|  0%| F|  |TAMS 0x0000000704e00000, 0x0000000704e00000| Untracked 
|  25|0x0000000705000000, 0x0000000705000000, 0x0000000705200000|  0%| F|  |TAMS 0x0000000705000000, 0x0000000705000000| Untracked 
|  26|0x0000000705200000, 0x0000000705200000, 0x0000000705400000|  0%| F|  |TAMS 0x0000000705200000, 0x0000000705200000| Untracked 
|  27|0x0000000705400000, 0x0000000705400000, 0x0000000705600000|  0%| F|  |TAMS 0x0000000705400000, 0x0000000705400000| Untracked 
|  28|0x0000000705600000, 0x0000000705600000, 0x0000000705800000|  0%| F|  |TAMS 0x0000000705600000, 0x0000000705600000| Untracked 
|  29|0x0000000705800000, 0x0000000705800000, 0x0000000705a00000|  0%| F|  |TAMS 0x0000000705800000, 0x0000000705800000| Untracked 
|  30|0x0000000705a00000, 0x0000000705a00000, 0x0000000705c00000|  0%| F|  |TAMS 0x0000000705a00000, 0x0000000705a00000| Untracked 
|  31|0x0000000705c00000, 0x0000000705c00000, 0x0000000705e00000|  0%| F|  |TAMS 0x0000000705c00000, 0x0000000705c00000| Untracked 
|  32|0x0000000705e00000, 0x0000000705e00000, 0x0000000706000000|  0%| F|  |TAMS 0x0000000705e00000, 0x0000000705e00000| Untracked 
|  33|0x0000000706000000, 0x0000000706000000, 0x0000000706200000|  0%| F|  |TAMS 0x0000000706000000, 0x0000000706000000| Untracked 
|  34|0x0000000706200000, 0x0000000706200000, 0x0000000706400000|  0%| F|  |TAMS 0x0000000706200000, 0x0000000706200000| Untracked 
|  35|0x0000000706400000, 0x0000000706400000, 0x0000000706600000|  0%| F|  |TAMS 0x0000000706400000, 0x0000000706400000| Untracked 
|  36|0x0000000706600000, 0x0000000706600000, 0x0000000706800000|  0%| F|  |TAMS 0x0000000706600000, 0x0000000706600000| Untracked 
|  37|0x0000000706800000, 0x0000000706800000, 0x0000000706a00000|  0%| F|  |TAMS 0x0000000706800000, 0x0000000706800000| Untracked 
|  38|0x0000000706a00000, 0x0000000706a00000, 0x0000000706c00000|  0%| F|  |TAMS 0x0000000706a00000, 0x0000000706a00000| Untracked 
|  39|0x0000000706c00000, 0x0000000706c00000, 0x0000000706e00000|  0%| F|  |TAMS 0x0000000706c00000, 0x0000000706c00000| Untracked 
|  40|0x0000000706e00000, 0x0000000706e00000, 0x0000000707000000|  0%| F|  |TAMS 0x0000000706e00000, 0x0000000706e00000| Untracked 
|  41|0x0000000707000000, 0x0000000707000000, 0x0000000707200000|  0%| F|  |TAMS 0x0000000707000000, 0x0000000707000000| Untracked 
|  42|0x0000000707200000, 0x0000000707200000, 0x0000000707400000|  0%| F|  |TAMS 0x0000000707200000, 0x0000000707200000| Untracked 
|  43|0x0000000707400000, 0x0000000707400000, 0x0000000707600000|  0%| F|  |TAMS 0x0000000707400000, 0x0000000707400000| Untracked 
|  44|0x0000000707600000, 0x0000000707600000, 0x0000000707800000|  0%| F|  |TAMS 0x0000000707600000, 0x0000000707600000| Untracked 
|  45|0x0000000707800000, 0x0000000707800000, 0x0000000707a00000|  0%| F|  |TAMS 0x0000000707800000, 0x0000000707800000| Untracked 
|  46|0x0000000707a00000, 0x0000000707a00000, 0x0000000707c00000|  0%| F|  |TAMS 0x0000000707a00000, 0x0000000707a00000| Untracked 
|  47|0x0000000707c00000, 0x0000000707c00000, 0x0000000707e00000|  0%| F|  |TAMS 0x0000000707c00000, 0x0000000707c00000| Untracked 
|  48|0x0000000707e00000, 0x0000000707e00000, 0x0000000708000000|  0%| F|  |TAMS 0x0000000707e00000, 0x0000000707e00000| Untracked 
|  49|0x0000000708000000, 0x0000000708000000, 0x0000000708200000|  0%| F|  |TAMS 0x0000000708000000, 0x0000000708000000| Untracked 
|  50|0x0000000708200000, 0x0000000708200000, 0x0000000708400000|  0%| F|  |TAMS 0x0000000708200000, 0x0000000708200000| Untracked 
|  51|0x0000000708400000, 0x0000000708400000, 0x0000000708600000|  0%| F|  |TAMS 0x0000000708400000, 0x0000000708400000| Untracked 
|  52|0x0000000708600000, 0x0000000708600000, 0x0000000708800000|  0%| F|  |TAMS 0x0000000708600000, 0x0000000708600000| Untracked 
|  53|0x0000000708800000, 0x0000000708800000, 0x0000000708a00000|  0%| F|  |TAMS 0x0000000708800000, 0x0000000708800000| Untracked 
|  54|0x0000000708a00000, 0x0000000708a00000, 0x0000000708c00000|  0%| F|  |TAMS 0x0000000708a00000, 0x0000000708a00000| Untracked 
|  55|0x0000000708c00000, 0x0000000708c00000, 0x0000000708e00000|  0%| F|  |TAMS 0x0000000708c00000, 0x0000000708c00000| Untracked 
|  56|0x0000000708e00000, 0x0000000708e00000, 0x0000000709000000|  0%| F|  |TAMS 0x0000000708e00000, 0x0000000708e00000| Untracked 
|  57|0x0000000709000000, 0x0000000709000000, 0x0000000709200000|  0%| F|  |TAMS 0x0000000709000000, 0x0000000709000000| Untracked 
|  58|0x0000000709200000, 0x0000000709200000, 0x0000000709400000|  0%| F|  |TAMS 0x0000000709200000, 0x0000000709200000| Untracked 
|  59|0x0000000709400000, 0x0000000709400000, 0x0000000709600000|  0%| F|  |TAMS 0x0000000709400000, 0x0000000709400000| Untracked 
|  60|0x0000000709600000, 0x0000000709600000, 0x0000000709800000|  0%| F|  |TAMS 0x0000000709600000, 0x0000000709600000| Untracked 
|  61|0x0000000709800000, 0x0000000709800000, 0x0000000709a00000|  0%| F|  |TAMS 0x0000000709800000, 0x0000000709800000| Untracked 
|  62|0x0000000709a00000, 0x0000000709a00000, 0x0000000709c00000|  0%| F|  |TAMS 0x0000000709a00000, 0x0000000709a00000| Untracked 
|  63|0x0000000709c00000, 0x0000000709c00000, 0x0000000709e00000|  0%| F|  |TAMS 0x0000000709c00000, 0x0000000709c00000| Untracked 
|  64|0x0000000709e00000, 0x0000000709e00000, 0x000000070a000000|  0%| F|  |TAMS 0x0000000709e00000, 0x0000000709e00000| Untracked 
|  65|0x000000070a000000, 0x000000070a000000, 0x000000070a200000|  0%| F|  |TAMS 0x000000070a000000, 0x000000070a000000| Untracked 
|  66|0x000000070a200000, 0x000000070a200000, 0x000000070a400000|  0%| F|  |TAMS 0x000000070a200000, 0x000000070a200000| Untracked 
|  67|0x000000070a400000, 0x000000070a400000, 0x000000070a600000|  0%| F|  |TAMS 0x000000070a400000, 0x000000070a400000| Untracked 
|  68|0x000000070a600000, 0x000000070a600000, 0x000000070a800000|  0%| F|  |TAMS 0x000000070a600000, 0x000000070a600000| Untracked 
|  69|0x000000070a800000, 0x000000070a800000, 0x000000070aa00000|  0%| F|  |TAMS 0x000000070a800000, 0x000000070a800000| Untracked 
|  70|0x000000070aa00000, 0x000000070aa00000, 0x000000070ac00000|  0%| F|  |TAMS 0x000000070aa00000, 0x000000070aa00000| Untracked 
|  71|0x000000070ac00000, 0x000000070ac00000, 0x000000070ae00000|  0%| F|  |TAMS 0x000000070ac00000, 0x000000070ac00000| Untracked 
|  72|0x000000070ae00000, 0x000000070ae00000, 0x000000070b000000|  0%| F|  |TAMS 0x000000070ae00000, 0x000000070ae00000| Untracked 
|  73|0x000000070b000000, 0x000000070b000000, 0x000000070b200000|  0%| F|  |TAMS 0x000000070b000000, 0x000000070b000000| Untracked 
|  74|0x000000070b200000, 0x000000070b200000, 0x000000070b400000|  0%| F|  |TAMS 0x000000070b200000, 0x000000070b200000| Untracked 
|  75|0x000000070b400000, 0x000000070b400000, 0x000000070b600000|  0%| F|  |TAMS 0x000000070b400000, 0x000000070b400000| Untracked 
|  76|0x000000070b600000, 0x000000070b600000, 0x000000070b800000|  0%| F|  |TAMS 0x000000070b600000, 0x000000070b600000| Untracked 
|  77|0x000000070b800000, 0x000000070b800000, 0x000000070ba00000|  0%| F|  |TAMS 0x000000070b800000, 0x000000070b800000| Untracked 
|  78|0x000000070ba00000, 0x000000070ba00000, 0x000000070bc00000|  0%| F|  |TAMS 0x000000070ba00000, 0x000000070ba00000| Untracked 
|  79|0x000000070bc00000, 0x000000070bc00000, 0x000000070be00000|  0%| F|  |TAMS 0x000000070bc00000, 0x000000070bc00000| Untracked 
|  80|0x000000070be00000, 0x000000070be00000, 0x000000070c000000|  0%| F|  |TAMS 0x000000070be00000, 0x000000070be00000| Untracked 
|  81|0x000000070c000000, 0x000000070c000000, 0x000000070c200000|  0%| F|  |TAMS 0x000000070c000000, 0x000000070c000000| Untracked 
|  82|0x000000070c200000, 0x000000070c200000, 0x000000070c400000|  0%| F|  |TAMS 0x000000070c200000, 0x000000070c200000| Untracked 
|  83|0x000000070c400000, 0x000000070c400000, 0x000000070c600000|  0%| F|  |TAMS 0x000000070c400000, 0x000000070c400000| Untracked 
|  84|0x000000070c600000, 0x000000070c600000, 0x000000070c800000|  0%| F|  |TAMS 0x000000070c600000, 0x000000070c600000| Untracked 
|  85|0x000000070c800000, 0x000000070c800000, 0x000000070ca00000|  0%| F|  |TAMS 0x000000070c800000, 0x000000070c800000| Untracked 
|  86|0x000000070ca00000, 0x000000070ca00000, 0x000000070cc00000|  0%| F|  |TAMS 0x000000070ca00000, 0x000000070ca00000| Untracked 
|  87|0x000000070cc00000, 0x000000070cc00000, 0x000000070ce00000|  0%| F|  |TAMS 0x000000070cc00000, 0x000000070cc00000| Untracked 
|  88|0x000000070ce00000, 0x000000070ce00000, 0x000000070d000000|  0%| F|  |TAMS 0x000000070ce00000, 0x000000070ce00000| Untracked 
|  89|0x000000070d000000, 0x000000070d000000, 0x000000070d200000|  0%| F|  |TAMS 0x000000070d000000, 0x000000070d000000| Untracked 
|  90|0x000000070d200000, 0x000000070d200000, 0x000000070d400000|  0%| F|  |TAMS 0x000000070d200000, 0x000000070d200000| Untracked 
|  91|0x000000070d400000, 0x000000070d400000, 0x000000070d600000|  0%| F|  |TAMS 0x000000070d400000, 0x000000070d400000| Untracked 
|  92|0x000000070d600000, 0x000000070d600000, 0x000000070d800000|  0%| F|  |TAMS 0x000000070d600000, 0x000000070d600000| Untracked 
|  93|0x000000070d800000, 0x000000070d800000, 0x000000070da00000|  0%| F|  |TAMS 0x000000070d800000, 0x000000070d800000| Untracked 
|  94|0x000000070da00000, 0x000000070da00000, 0x000000070dc00000|  0%| F|  |TAMS 0x000000070da00000, 0x000000070da00000| Untracked 
|  95|0x000000070dc00000, 0x000000070dc00000, 0x000000070de00000|  0%| F|  |TAMS 0x000000070dc00000, 0x000000070dc00000| Untracked 
|  96|0x000000070de00000, 0x000000070de00000, 0x000000070e000000|  0%| F|  |TAMS 0x000000070de00000, 0x000000070de00000| Untracked 
|  97|0x000000070e000000, 0x000000070e000000, 0x000000070e200000|  0%| F|  |TAMS 0x000000070e000000, 0x000000070e000000| Untracked 
|  98|0x000000070e200000, 0x000000070e200000, 0x000000070e400000|  0%| F|  |TAMS 0x000000070e200000, 0x000000070e200000| Untracked 
|  99|0x000000070e400000, 0x000000070e400000, 0x000000070e600000|  0%| F|  |TAMS 0x000000070e400000, 0x000000070e400000| Untracked 
| 100|0x000000070e600000, 0x000000070e600000, 0x000000070e800000|  0%| F|  |TAMS 0x000000070e600000, 0x000000070e600000| Untracked 
| 101|0x000000070e800000, 0x000000070e800000, 0x000000070ea00000|  0%| F|  |TAMS 0x000000070e800000, 0x000000070e800000| Untracked 
| 102|0x000000070ea00000, 0x000000070ea00000, 0x000000070ec00000|  0%| F|  |TAMS 0x000000070ea00000, 0x000000070ea00000| Untracked 
| 103|0x000000070ec00000, 0x000000070ec00000, 0x000000070ee00000|  0%| F|  |TAMS 0x000000070ec00000, 0x000000070ec00000| Untracked 
| 104|0x000000070ee00000, 0x000000070ee00000, 0x000000070f000000|  0%| F|  |TAMS 0x000000070ee00000, 0x000000070ee00000| Untracked 
| 105|0x000000070f000000, 0x000000070f000000, 0x000000070f200000|  0%| F|  |TAMS 0x000000070f000000, 0x000000070f000000| Untracked 
| 106|0x000000070f200000, 0x000000070f200000, 0x000000070f400000|  0%| F|  |TAMS 0x000000070f200000, 0x000000070f200000| Untracked 
| 107|0x000000070f400000, 0x000000070f400000, 0x000000070f600000|  0%| F|  |TAMS 0x000000070f400000, 0x000000070f400000| Untracked 
| 108|0x000000070f600000, 0x000000070f600000, 0x000000070f800000|  0%| F|  |TAMS 0x000000070f600000, 0x000000070f600000| Untracked 
| 109|0x000000070f800000, 0x000000070f800000, 0x000000070fa00000|  0%| F|  |TAMS 0x000000070f800000, 0x000000070f800000| Untracked 
| 110|0x000000070fa00000, 0x000000070fa00000, 0x000000070fc00000|  0%| F|  |TAMS 0x000000070fa00000, 0x000000070fa00000| Untracked 
| 111|0x000000070fc00000, 0x000000070fc2d1e0, 0x000000070fe00000|  8%| S|CS|TAMS 0x000000070fc00000, 0x000000070fc00000| Complete 
| 112|0x000000070fe00000, 0x0000000710000000, 0x0000000710000000|100%| S|CS|TAMS 0x000000070fe00000, 0x000000070fe00000| Complete 
| 113|0x0000000710000000, 0x0000000710000000, 0x0000000710200000|  0%| F|  |TAMS 0x0000000710000000, 0x0000000710000000| Untracked 
| 114|0x0000000710200000, 0x0000000710200000, 0x0000000710400000|  0%| F|  |TAMS 0x0000000710200000, 0x0000000710200000| Untracked 
| 115|0x0000000710400000, 0x0000000710400000, 0x0000000710600000|  0%| F|  |TAMS 0x0000000710400000, 0x0000000710400000| Untracked 
| 116|0x0000000710600000, 0x0000000710600000, 0x0000000710800000|  0%| F|  |TAMS 0x0000000710600000, 0x0000000710600000| Untracked 
| 117|0x0000000710800000, 0x0000000710800000, 0x0000000710a00000|  0%| F|  |TAMS 0x0000000710800000, 0x0000000710800000| Untracked 
| 118|0x0000000710a00000, 0x0000000710a00000, 0x0000000710c00000|  0%| F|  |TAMS 0x0000000710a00000, 0x0000000710a00000| Untracked 
| 119|0x0000000710c00000, 0x0000000710c00000, 0x0000000710e00000|  0%| F|  |TAMS 0x0000000710c00000, 0x0000000710c00000| Untracked 
| 120|0x0000000710e00000, 0x0000000710e00000, 0x0000000711000000|  0%| F|  |TAMS 0x0000000710e00000, 0x0000000710e00000| Untracked 
| 121|0x0000000711000000, 0x0000000711000000, 0x0000000711200000|  0%| F|  |TAMS 0x0000000711000000, 0x0000000711000000| Untracked 
| 122|0x0000000711200000, 0x000000071130c7e0, 0x0000000711400000| 52%| E|  |TAMS 0x0000000711200000, 0x0000000711200000| Complete 
| 123|0x0000000711400000, 0x0000000711600000, 0x0000000711600000|100%| E|CS|TAMS 0x0000000711400000, 0x0000000711400000| Complete 
| 124|0x0000000711600000, 0x0000000711800000, 0x0000000711800000|100%| E|CS|TAMS 0x0000000711600000, 0x0000000711600000| Complete 
| 125|0x0000000711800000, 0x0000000711a00000, 0x0000000711a00000|100%| E|CS|TAMS 0x0000000711800000, 0x0000000711800000| Complete 
| 126|0x0000000711a00000, 0x0000000711c00000, 0x0000000711c00000|100%| E|CS|TAMS 0x0000000711a00000, 0x0000000711a00000| Complete 
| 127|0x0000000711c00000, 0x0000000711e00000, 0x0000000711e00000|100%| E|CS|TAMS 0x0000000711c00000, 0x0000000711c00000| Complete 

Card table byte_map: [0x000002622b900000,0x000002622c100000] _byte_map_base: 0x00000262280f1000

Marking Bits (Prev, Next): (CMBitMap*) 0x00000262127a3c50, (CMBitMap*) 0x00000262127a3c90
 Prev Bits: [0x000002622c900000, 0x0000026230888000)
 Next Bits: [0x0000026230890000, 0x0000026234818000)

Polling page: 0x00000262127f0000

Metaspace:

Usage:
  Non-class:     15.55 MB used.
      Class:      2.39 MB used.
       Both:     17.94 MB used.

Virtual space:
  Non-class space:       64.00 MB reserved,      15.69 MB ( 25%) committed,  1 nodes.
      Class space:        1.00 GB reserved,       2.50 MB ( <1%) committed,  1 nodes.
             Both:        1.06 GB reserved,      18.19 MB (  2%) committed. 

Chunk freelists:
   Non-Class:  2.52 MB
       Class:  1.48 MB
        Both:  4.00 MB

MaxMetaspaceSize: unlimited
CompressedClassSpaceSize: 1.00 GB
Initial GC threshold: 21.00 MB
Current GC threshold: 21.00 MB
CDS: on
MetaspaceReclaimPolicy: balanced
 - commit_granule_bytes: 65536.
 - commit_granule_words: 8192.
 - virtual_space_node_default_size: 8388608.
 - enlarge_chunks_in_place: 1.
 - new_chunks_are_fully_committed: 0.
 - uncommit_free_chunks: 1.
 - use_allocation_guard: 0.


Internal statistics:

num_allocs_failed_limit: 0.
num_arena_births: 188.
num_arena_deaths: 0.
num_vsnodes_births: 2.
num_vsnodes_deaths: 0.
num_space_committed: 290.
num_space_uncommitted: 0.
num_chunks_returned_to_freelist: 0.
num_chunks_taken_from_freelist: 828.
num_chunk_merges: 0.
num_chunk_splits: 622.
num_chunks_enlarged: 533.
num_inconsistent_stats: 0.

CodeHeap 'non-profiled nmethods': size=120000Kb used=538Kb max_used=538Kb free=119461Kb
 bounds [0x00000262235b0000, 0x0000026223820000, 0x000002622aae0000]
CodeHeap 'profiled nmethods': size=120000Kb used=2495Kb max_used=2495Kb free=117505Kb
 bounds [0x000002621c080000, 0x000002621c2f0000, 0x00000262235b0000]
CodeHeap 'non-nmethods': size=5760Kb used=1215Kb max_used=1232Kb free=4544Kb
 bounds [0x000002621bae0000, 0x000002621bd50000, 0x000002621c080000]
 total_blobs=1980 nmethods=1471 adapters=422
 compilation: enabled
              stopped_count=0, restarted_count=0
 full_count=0

Compilation events (20 events):
Event: 3.427 Thread 0x0000026236e1f0c0 nmethod 1460 0x000002621c2ed810 code [0x000002621c2ed9a0, 0x000002621c2edb18]
Event: 3.427 Thread 0x0000026236e1f0c0 1463       3       java.lang.StringUTF16::checkIndex (9 bytes)
Event: 3.427 Thread 0x0000026236e1f0c0 nmethod 1463 0x000002621c2edc10 code [0x000002621c2eddc0, 0x000002621c2edfb8]
Event: 3.427 Thread 0x0000026236e1f0c0 1462       3       java.lang.StringUTF16::charAt (11 bytes)
Event: 3.427 Thread 0x0000026236e1f0c0 nmethod 1462 0x000002621c2ee110 code [0x000002621c2ee2c0, 0x000002621c2ee538]
Event: 3.427 Thread 0x0000026236e1f0c0 1461       3       java.lang.StringUTF16::length (5 bytes)
Event: 3.427 Thread 0x0000026236e1f0c0 nmethod 1461 0x000002621c2ee690 code [0x000002621c2ee820, 0x000002621c2ee918]
Event: 3.452 Thread 0x0000026236e1e6e0 1464       4       org.jetbrains.kotlin.com.intellij.util.text.ByteArrayCharSequence::charAt (17 bytes)
Event: 3.453 Thread 0x0000026236e1e6e0 nmethod 1464 0x0000026223631f90 code [0x0000026223632100, 0x00000262236321b8]
Event: 3.454 Thread 0x0000026236e1f0c0 1465       3       org.jetbrains.kotlin.com.intellij.util.containers.FastUtilCaseInsensitiveStringHashingStrategy::equals (13 bytes)
Event: 3.454 Thread 0x0000026236e1f0c0 nmethod 1465 0x000002621c2eea10 code [0x000002621c2eebe0, 0x000002621c2ef048]
Event: 3.454 Thread 0x0000026236e1f0c0 1466       3       org.jetbrains.kotlin.com.intellij.util.containers.FastUtilCaseInsensitiveStringHashingStrategy::equals (23 bytes)
Event: 3.455 Thread 0x0000026236e1f0c0 nmethod 1466 0x000002621c2ef190 code [0x000002621c2ef340, 0x000002621c2ef568]
Event: 3.472 Thread 0x0000026236e1e6e0 1467       4       java.lang.ref.Cleaner$1::apply (9 bytes)
Event: 3.473 Thread 0x0000026236e1e6e0 nmethod 1467 0x0000026223632290 code [0x0000026223632400, 0x00000262236324b8]
Event: 3.476 Thread 0x0000026236e1e6e0 1468       4       java.util.zip.ZipCoder::hash (36 bytes)
Event: 3.483 Thread 0x0000026236e1f0c0 1469       1       org.jetbrains.kotlin.com.intellij.psi.tree.IElementType::getIndex (5 bytes)
Event: 3.483 Thread 0x0000026236e1f0c0 nmethod 1469 0x0000026223632590 code [0x0000026223632720, 0x00000262236327f8]
Event: 3.485 Thread 0x0000026236e1e6e0 nmethod 1468 0x0000026223632890 code [0x0000026223632a40, 0x0000026223632db8]
Event: 3.488 Thread 0x0000026236e1e6e0 1470   !   4       jdk.internal.loader.BuiltinClassLoader::loadClassOrNull (143 bytes)

GC Heap History (6 events):
Event: 0.696 GC heap before
{Heap before GC invocations=0 (full 0):
 garbage-first heap   total 262144K, used 14336K [0x0000000701e00000, 0x0000000800000000)
  region size 2048K, 6 young (12288K), 0 survivors (0K)
 Metaspace       used 3633K, committed 3840K, reserved 1114112K
  class space    used 247K, committed 384K, reserved 1048576K
}
Event: 0.702 GC heap after
{Heap after GC invocations=1 (full 0):
 garbage-first heap   total 262144K, used 6317K [0x0000000701e00000, 0x0000000800000000)
  region size 2048K, 1 young (2048K), 1 survivors (2048K)
 Metaspace       used 3633K, committed 3840K, reserved 1114112K
  class space    used 247K, committed 384K, reserved 1048576K
}
Event: 1.252 GC heap before
{Heap before GC invocations=1 (full 0):
 garbage-first heap   total 262144K, used 18605K [0x0000000701e00000, 0x0000000800000000)
  region size 2048K, 7 young (14336K), 1 survivors (2048K)
 Metaspace       used 7099K, committed 7232K, reserved 1114112K
  class space    used 727K, committed 768K, reserved 1048576K
}
Event: 1.255 GC heap after
{Heap after GC invocations=2 (full 0):
 garbage-first heap   total 262144K, used 7068K [0x0000000701e00000, 0x0000000800000000)
  region size 2048K, 1 young (2048K), 1 survivors (2048K)
 Metaspace       used 7099K, committed 7232K, reserved 1114112K
  class space    used 727K, committed 768K, reserved 1048576K
}
Event: 2.376 GC heap before
{Heap before GC invocations=2 (full 0):
 garbage-first heap   total 262144K, used 33692K [0x0000000701e00000, 0x0000000800000000)
  region size 2048K, 15 young (30720K), 1 survivors (2048K)
 Metaspace       used 15896K, committed 16128K, reserved 1114112K
  class space    used 2111K, committed 2240K, reserved 1048576K
}
Event: 2.380 GC heap after
{Heap after GC invocations=3 (full 0):
 garbage-first heap   total 262144K, used 8441K [0x0000000701e00000, 0x0000000800000000)
  region size 2048K, 2 young (4096K), 2 survivors (4096K)
 Metaspace       used 15896K, committed 16128K, reserved 1114112K
  class space    used 2111K, committed 2240K, reserved 1048576K
}

Deoptimization events (20 events):
Event: 2.571 Thread 0x0000026212730f10 DEOPT PACKING pc=0x000002621c27513f sp=0x0000006be5cfe0f0
Event: 2.571 Thread 0x0000026212730f10 DEOPT UNPACKING pc=0x000002621bb32b43 sp=0x0000006be5cfd5e0 mode 0
Event: 2.573 Thread 0x0000026212730f10 DEOPT PACKING pc=0x000002621c27513f sp=0x0000006be5cfe0f0
Event: 2.573 Thread 0x0000026212730f10 DEOPT UNPACKING pc=0x000002621bb32b43 sp=0x0000006be5cfd5e0 mode 0
Event: 2.574 Thread 0x0000026212730f10 DEOPT PACKING pc=0x000002621c27513f sp=0x0000006be5cfe0f0
Event: 2.574 Thread 0x0000026212730f10 DEOPT UNPACKING pc=0x000002621bb32b43 sp=0x0000006be5cfd5e0 mode 0
Event: 2.575 Thread 0x0000026212730f10 DEOPT PACKING pc=0x000002621c27513f sp=0x0000006be5cfe0f0
Event: 2.575 Thread 0x0000026212730f10 DEOPT UNPACKING pc=0x000002621bb32b43 sp=0x0000006be5cfd5e0 mode 0
Event: 2.576 Thread 0x0000026212730f10 DEOPT PACKING pc=0x000002621c27513f sp=0x0000006be5cfe0f0
Event: 2.576 Thread 0x0000026212730f10 DEOPT UNPACKING pc=0x000002621bb32b43 sp=0x0000006be5cfd5e0 mode 0
Event: 3.394 Thread 0x0000026212730f10 DEOPT PACKING pc=0x000002621c0fda58 sp=0x0000006be5cfdbf0
Event: 3.394 Thread 0x0000026212730f10 DEOPT UNPACKING pc=0x000002621bb32b43 sp=0x0000006be5cfd0d8 mode 0
Event: 3.425 Thread 0x0000026212730f10 Uncommon trap: trap_request=0xffffff45 fr.pc=0x00000262235ea0dc relative=0x000000000000015c
Event: 3.425 Thread 0x0000026212730f10 Uncommon trap: reason=unstable_if action=reinterpret pc=0x00000262235ea0dc method=java.lang.StringCoding.hasNegatives([BII)Z @ 12 c2
Event: 3.425 Thread 0x0000026212730f10 DEOPT PACKING pc=0x00000262235ea0dc sp=0x0000006be5cfe240
Event: 3.425 Thread 0x0000026212730f10 DEOPT UNPACKING pc=0x000002621bb323a3 sp=0x0000006be5cfe1e8 mode 2
Event: 3.426 Thread 0x0000026212730f10 Uncommon trap: trap_request=0xffffff45 fr.pc=0x00000262236254a4 relative=0x0000000000000224
Event: 3.426 Thread 0x0000026212730f10 Uncommon trap: reason=unstable_if action=reinterpret pc=0x00000262236254a4 method=java.lang.StringUTF16.compress([CI[BII)I @ 20 c2
Event: 3.426 Thread 0x0000026212730f10 DEOPT PACKING pc=0x00000262236254a4 sp=0x0000006be5cfe3c0
Event: 3.426 Thread 0x0000026212730f10 DEOPT UNPACKING pc=0x000002621bb323a3 sp=0x0000006be5cfe340 mode 2

Classes loaded (20 events):
Event: 3.394 Loading class java/lang/reflect/TypeVariable
Event: 3.394 Loading class java/lang/reflect/TypeVariable done
Event: 3.394 Loading class java/lang/reflect/AnnotatedType
Event: 3.394 Loading class java/lang/reflect/AnnotatedType done
Event: 3.405 Loading class java/beans/PropertyChangeSupport
Event: 3.406 Loading class java/beans/PropertyChangeSupport done
Event: 3.406 Loading class java/beans/PropertyChangeSupport$PropertyChangeListenerMap
Event: 3.406 Loading class java/beans/ChangeListenerMap
Event: 3.407 Loading class java/beans/ChangeListenerMap done
Event: 3.407 Loading class java/beans/PropertyChangeSupport$PropertyChangeListenerMap done
Event: 3.407 Loading class java/beans/PropertyChangeListener
Event: 3.407 Loading class java/beans/PropertyChangeListener done
Event: 3.425 Loading class sun/nio/cs/ThreadLocalCoders
Event: 3.425 Loading class sun/nio/cs/ThreadLocalCoders done
Event: 3.425 Loading class sun/nio/cs/ThreadLocalCoders$1
Event: 3.425 Loading class sun/nio/cs/ThreadLocalCoders$Cache
Event: 3.425 Loading class sun/nio/cs/ThreadLocalCoders$Cache done
Event: 3.425 Loading class sun/nio/cs/ThreadLocalCoders$1 done
Event: 3.425 Loading class sun/nio/cs/ThreadLocalCoders$2
Event: 3.425 Loading class sun/nio/cs/ThreadLocalCoders$2 done

Classes unloaded (0 events):
No events

Classes redefined (0 events):
No events

Internal exceptions (20 events):
Event: 1.410 Thread 0x0000026212730f10 Exception <a 'java/lang/NoSuchMethodError'{0x0000000711856fc0}: 'int java.lang.invoke.DirectMethodHandle$Holder.invokeSpecial(java.lang.Object, java.lang.Object, java.lang.Object, java.lang.Object)'> (0x0000000711856fc0) 
thrown [s\src\hotspot\share\interpreter\linkResolver.cpp, line 759]
Event: 1.411 Thread 0x0000026212730f10 Exception <a 'java/lang/NoSuchMethodError'{0x000000071185a628}: 'int java.lang.invoke.Invokers$Holder.invoke_MT(java.lang.Object, java.lang.Object, java.lang.Object, java.lang.Object)'> (0x000000071185a628) 
thrown [s\src\hotspot\share\interpreter\linkResolver.cpp, line 759]
Event: 1.414 Thread 0x0000026212730f10 Exception <a 'java/lang/NoSuchMethodError'{0x0000000711869ab0}: 'void java.lang.invoke.DelegatingMethodHandle$Holder.reinvoke_L(java.lang.Object, java.lang.Object, java.lang.Object, long, java.lang.Object)'> (0x0000000711869ab0) 
thrown [s\src\hotspot\share\interpreter\linkResolver.cpp, line 759]
Event: 1.416 Thread 0x0000026212730f10 Exception <a 'java/lang/NoSuchMethodError'{0x00000007118716e8}: 'java.lang.Object java.lang.invoke.DirectMethodHandle$Holder.invokeSpecial(java.lang.Object, java.lang.Object, java.lang.Object, java.lang.Object, long)'> (0x00000007118716e8) 
thrown [s\src\hotspot\share\interpreter\linkResolver.cpp, line 759]
Event: 1.419 Thread 0x0000026212730f10 Exception <a 'java/lang/NoSuchMethodError'{0x0000000711880ee0}: 'int java.lang.invoke.DelegatingMethodHandle$Holder.reinvoke_L(java.lang.Object, java.lang.Object, java.lang.Object, long, java.lang.Object, java.lang.Object)'> (0x0000000711880ee0) 
thrown [s\src\hotspot\share\interpreter\linkResolver.cpp, line 759]
Event: 1.422 Thread 0x0000026212730f10 Exception <a 'java/lang/NoSuchMethodError'{0x000000071188fa70}: 'int java.lang.invoke.DelegatingMethodHandle$Holder.reinvoke_L(java.lang.Object, java.lang.Object, java.lang.Object, long, int, int)'> (0x000000071188fa70) 
thrown [s\src\hotspot\share\interpreter\linkResolver.cpp, line 759]
Event: 1.430 Thread 0x0000026212730f10 Exception <a 'java/lang/NoSuchMethodError'{0x000000071189e3b0}: 'int java.lang.invoke.DelegatingMethodHandle$Holder.reinvoke_L(java.lang.Object, java.lang.Object, java.lang.Object, long, long, long)'> (0x000000071189e3b0) 
thrown [s\src\hotspot\share\interpreter\linkResolver.cpp, line 759]
Event: 1.433 Thread 0x0000026212730f10 Exception <a 'java/lang/NoSuchMethodError'{0x00000007118ac9c8}: 'int java.lang.invoke.DelegatingMethodHandle$Holder.reinvoke_L(java.lang.Object, java.lang.Object, java.lang.Object, long, int)'> (0x00000007118ac9c8) 
thrown [s\src\hotspot\share\interpreter\linkResolver.cpp, line 759]
Event: 1.460 Thread 0x0000026212730f10 Exception <a 'java/lang/NoSuchMethodError'{0x0000000711953c58}: 'int java.lang.invoke.DirectMethodHandle$Holder.invokeStaticInit(java.lang.Object, java.lang.Object, java.lang.Object)'> (0x0000000711953c58) 
thrown [s\src\hotspot\share\interpreter\linkResolver.cpp, line 759]
Event: 1.470 Thread 0x0000026212730f10 Exception <a 'java/lang/NoSuchMethodError'{0x000000071197c5a0}: 'int java.lang.invoke.DirectMethodHandle$Holder.invokeStaticInit(java.lang.Object, java.lang.Object)'> (0x000000071197c5a0) 
thrown [s\src\hotspot\share\interpreter\linkResolver.cpp, line 759]
Event: 1.642 Thread 0x0000026212730f10 Exception <a 'java/lang/NoSuchMethodError'{0x000000071156a3a8}: 'void java.lang.invoke.DirectMethodHandle$Holder.invokeStatic(java.lang.Object, java.lang.Object, java.lang.Object, java.lang.Object)'> (0x000000071156a3a8) 
thrown [s\src\hotspot\share\interpreter\linkResolver.cpp, line 759]
Event: 1.746 Thread 0x0000026212730f10 Exception <a 'java/lang/NoSuchMethodError'{0x000000071112c8c0}: 'void java.lang.invoke.DirectMethodHandle$Holder.invokeStaticInit(java.lang.Object, java.lang.Object)'> (0x000000071112c8c0) 
thrown [s\src\hotspot\share\interpreter\linkResolver.cpp, line 759]
Event: 1.853 Thread 0x0000026212730f10 Exception <a 'java/lang/NoSuchMethodError'{0x0000000710a8e110}: 'void java.lang.invoke.Invokers$Holder.invokeExact_MT(java.lang.Object, int, java.lang.Object)'> (0x0000000710a8e110) 
thrown [s\src\hotspot\share\interpreter\linkResolver.cpp, line 759]
Event: 2.015 Thread 0x0000026212730f10 Exception <a 'java/lang/NoSuchMethodError'{0x000000071068f110}: 'void java.lang.invoke.DirectMethodHandle$Holder.invokeVirtual(java.lang.Object, java.lang.Object)'> (0x000000071068f110) 
thrown [s\src\hotspot\share\interpreter\linkResolver.cpp, line 759]
Event: 2.105 Thread 0x0000026212730f10 Exception <a 'java/lang/NoSuchMethodError'{0x0000000710553ef0}: 'int java.lang.invoke.DirectMethodHandle$Holder.invokeVirtual(java.lang.Object, java.lang.Object)'> (0x0000000710553ef0) 
thrown [s\src\hotspot\share\interpreter\linkResolver.cpp, line 759]
Event: 2.140 Thread 0x0000026212730f10 Exception <a 'java/lang/NoSuchMethodError'{0x000000071020f628}: 'java.lang.Object java.lang.invoke.Invokers$Holder.invokeExact_MT(java.lang.Object, java.lang.Object, java.lang.Object, java.lang.Object, java.lang.Object, java.lang.Object)'> (0x000000071020f628) 
thrown [s\src\hotspot\share\interpreter\linkResolver.cpp, line 759]
Event: 2.438 Thread 0x0000026212730f10 Exception <a 'java/lang/NoSuchMethodError'{0x0000000711d3a3e8}: 'long java.lang.invoke.DirectMethodHandle$Holder.invokeStatic(java.lang.Object, java.lang.Object, int)'> (0x0000000711d3a3e8) 
thrown [s\src\hotspot\share\interpreter\linkResolver.cpp, line 759]
Event: 2.440 Thread 0x0000026212730f10 Exception <a 'java/lang/NoSuchMethodError'{0x0000000711d48dd8}: 'java.lang.Object java.lang.invoke.DelegatingMethodHandle$Holder.reinvoke_L(java.lang.Object, int, long, java.lang.Object, java.lang.Object, int, java.lang.Object)'> (0x0000000711d48dd8) 
thrown [s\src\hotspot\share\interpreter\linkResolver.cpp, line 759]
Event: 2.447 Thread 0x0000026212730f10 Exception <a 'java/lang/NoSuchMethodError'{0x0000000711d72588}: 'java.lang.Object java.lang.invoke.DirectMethodHandle$Holder.invokeStatic(java.lang.Object, java.lang.Object, int)'> (0x0000000711d72588) 
thrown [s\src\hotspot\share\interpreter\linkResolver.cpp, line 759]
Event: 2.449 Thread 0x0000026212730f10 Exception <a 'java/lang/NoSuchMethodError'{0x0000000711d7de80}: 'void java.lang.invoke.DelegatingMethodHandle$Holder.delegate(java.lang.Object, java.lang.Object, int, java.lang.Object)'> (0x0000000711d7de80) 
thrown [s\src\hotspot\share\interpreter\linkResolver.cpp, line 759]

VM Operations (20 events):
Event: 0.842 Executing VM operation: HandshakeAllThreads
Event: 0.842 Executing VM operation: HandshakeAllThreads done
Event: 0.914 Executing VM operation: HandshakeAllThreads
Event: 0.914 Executing VM operation: HandshakeAllThreads done
Event: 1.213 Executing VM operation: HandshakeAllThreads
Event: 1.213 Executing VM operation: HandshakeAllThreads done
Event: 1.252 Executing VM operation: G1CollectForAllocation
Event: 1.255 Executing VM operation: G1CollectForAllocation done
Event: 1.934 Executing VM operation: HandshakeAllThreads
Event: 1.934 Executing VM operation: HandshakeAllThreads done
Event: 2.376 Executing VM operation: G1CollectForAllocation
Event: 2.380 Executing VM operation: G1CollectForAllocation done
Event: 2.405 Executing VM operation: HandshakeAllThreads
Event: 2.405 Executing VM operation: HandshakeAllThreads done
Event: 2.408 Executing VM operation: HandshakeAllThreads
Event: 2.408 Executing VM operation: HandshakeAllThreads done
Event: 2.446 Executing VM operation: HandshakeAllThreads
Event: 2.446 Executing VM operation: HandshakeAllThreads done
Event: 3.342 Executing VM operation: HandshakeAllThreads
Event: 3.342 Executing VM operation: HandshakeAllThreads done

Events (20 events):
Event: 0.035 Loaded shared library C:\Users\basma\.jdks\corretto-18.0.2\bin\jsvml.dll
Event: 0.036 Thread 0x0000026212730f10 Thread added: 0x0000026212730f10
Event: 0.042 Thread 0x0000026236dfe5d0 Thread added: 0x0000026236dfe5d0
Event: 0.043 Thread 0x0000026236dff230 Thread added: 0x0000026236dff230
Event: 0.069 Thread 0x0000026236e19d20 Thread added: 0x0000026236e19d20
Event: 0.069 Thread 0x0000026236e1a6c0 Thread added: 0x0000026236e1a6c0
Event: 0.069 Thread 0x0000026236e1b060 Thread added: 0x0000026236e1b060
Event: 0.069 Thread 0x0000026236e1da10 Thread added: 0x0000026236e1da10
Event: 0.069 Thread 0x0000026236e1e6e0 Thread added: 0x0000026236e1e6e0
Event: 0.072 Thread 0x0000026236e1f0c0 Thread added: 0x0000026236e1f0c0
Event: 0.075 Thread 0x0000026236e8dd60 Thread added: 0x0000026236e8dd60
Event: 0.118 Thread 0x000002623b09f030 Thread added: 0x000002623b09f030
Event: 0.122 Thread 0x000002623b0a1500 Thread added: 0x000002623b0a1500
Event: 0.132 Loaded shared library C:\Users\basma\.jdks\corretto-18.0.2\bin\net.dll
Event: 0.134 Loaded shared library C:\Users\basma\.jdks\corretto-18.0.2\bin\nio.dll
Event: 0.189 Loaded shared library C:\Users\basma\.jdks\corretto-18.0.2\bin\zip.dll
Event: 0.236 Loaded shared library C:\Users\basma\.jdks\corretto-18.0.2\bin\jimage.dll
Event: 1.366 Thread 0x000002623b614850 Thread added: 0x000002623b614850
Event: 1.748 Thread 0x000002623b614850 Thread exited: 0x000002623b614850
Event: 1.798 Loaded shared library C:\Users\basma\.jdks\corretto-18.0.2\bin\verify.dll


Dynamic libraries:
0x00007ff7f1d60000 - 0x00007ff7f1d6d000 	C:\Users\basma\.jdks\corretto-18.0.2\bin\java.exe
0x00007ffd0f330000 - 0x00007ffd0f547000 	C:\WINDOWS\SYSTEM32\ntdll.dll
0x00007ffd0e450000 - 0x00007ffd0e514000 	C:\WINDOWS\System32\KERNEL32.DLL
0x00007ffd0c8a0000 - 0x00007ffd0cc4d000 	C:\WINDOWS\System32\KERNELBASE.dll
0x00007ffd0c780000 - 0x00007ffd0c891000 	C:\WINDOWS\System32\ucrtbase.dll
0x00007ffcfe150000 - 0x00007ffcfe167000 	C:\Users\basma\.jdks\corretto-18.0.2\bin\jli.dll
0x00007ffd0d290000 - 0x00007ffd0d43e000 	C:\WINDOWS\System32\USER32.dll
0x00007ffd0d040000 - 0x00007ffd0d066000 	C:\WINDOWS\System32\win32u.dll
0x00007ffd0ded0000 - 0x00007ffd0def9000 	C:\WINDOWS\System32\GDI32.dll
0x00007ffd0c660000 - 0x00007ffd0c779000 	C:\WINDOWS\System32\gdi32full.dll
0x00007ffd0ceb0000 - 0x00007ffd0cf4a000 	C:\WINDOWS\System32\msvcp_win.dll
0x00007ffcf11a0000 - 0x00007ffcf11b5000 	C:\Users\basma\.jdks\corretto-18.0.2\bin\VCRUNTIME140.dll
0x00007ffcf5ad0000 - 0x00007ffcf5d63000 	C:\WINDOWS\WinSxS\amd64_microsoft.windows.common-controls_6595b64144ccf1df_6.0.22621.3672_none_2713b9d173822955\COMCTL32.dll
0x00007ffd0de20000 - 0x00007ffd0dec7000 	C:\WINDOWS\System32\msvcrt.dll
0x00007ffd0dbf0000 - 0x00007ffd0dc21000 	C:\WINDOWS\System32\IMM32.DLL
0x00007ffcd7180000 - 0x00007ffcd721b000 	C:\Users\basma\.jdks\corretto-18.0.2\bin\msvcp140.dll
0x00007ffc7a3c0000 - 0x00007ffc7b031000 	C:\Users\basma\.jdks\corretto-18.0.2\bin\server\jvm.dll
0x00007ffd0e520000 - 0x00007ffd0e5d2000 	C:\WINDOWS\System32\ADVAPI32.dll
0x00007ffd0d960000 - 0x00007ffd0da09000 	C:\WINDOWS\System32\sechost.dll
0x00007ffd0cf50000 - 0x00007ffd0cf78000 	C:\WINDOWS\System32\bcrypt.dll
0x00007ffd0d170000 - 0x00007ffd0d284000 	C:\WINDOWS\System32\RPCRT4.dll
0x00007ffd0dca0000 - 0x00007ffd0dca8000 	C:\WINDOWS\System32\PSAPI.DLL
0x00007ffcd5250000 - 0x00007ffcd5259000 	C:\WINDOWS\SYSTEM32\WSOCK32.dll
0x00007ffd0f110000 - 0x00007ffd0f181000 	C:\WINDOWS\System32\WS2_32.dll
0x00007ffd01c30000 - 0x00007ffd01c64000 	C:\WINDOWS\SYSTEM32\WINMM.dll
0x00007ffd01210000 - 0x00007ffd0121a000 	C:\WINDOWS\SYSTEM32\VERSION.dll
0x00007ffd0b650000 - 0x00007ffd0b668000 	C:\WINDOWS\SYSTEM32\kernel.appcore.dll
0x00007ffd06230000 - 0x00007ffd0623a000 	C:\Users\basma\.jdks\corretto-18.0.2\bin\jimage.dll
0x00007ffd06ef0000 - 0x00007ffd07122000 	C:\WINDOWS\SYSTEM32\DBGHELP.DLL
0x00007ffd0df00000 - 0x00007ffd0e288000 	C:\WINDOWS\System32\combase.dll
0x00007ffd0ee40000 - 0x00007ffd0ef17000 	C:\WINDOWS\System32\OLEAUT32.dll
0x00007ffcf25d0000 - 0x00007ffcf2602000 	C:\WINDOWS\SYSTEM32\dbgcore.DLL
0x00007ffd0ce30000 - 0x00007ffd0ceab000 	C:\WINDOWS\System32\bcryptPrimitives.dll
0x00007ffcebc40000 - 0x00007ffcebc65000 	C:\Users\basma\.jdks\corretto-18.0.2\bin\java.dll
0x00007ffcd6da0000 - 0x00007ffcd6e76000 	C:\Users\basma\.jdks\corretto-18.0.2\bin\jsvml.dll
0x00007ffd0e5e0000 - 0x00007ffd0ee3f000 	C:\WINDOWS\System32\SHELL32.dll
0x00007ffd0a560000 - 0x00007ffd0ae5c000 	C:\WINDOWS\SYSTEM32\windows.storage.dll
0x00007ffd0a420000 - 0x00007ffd0a55f000 	C:\WINDOWS\SYSTEM32\wintypes.dll
0x00007ffd0dd20000 - 0x00007ffd0de14000 	C:\WINDOWS\System32\SHCORE.dll
0x00007ffd0dcb0000 - 0x00007ffd0dd0e000 	C:\WINDOWS\System32\shlwapi.dll
0x00007ffd0c590000 - 0x00007ffd0c5b1000 	C:\WINDOWS\SYSTEM32\profapi.dll
0x00007ffcece10000 - 0x00007ffcece23000 	C:\Users\basma\.jdks\corretto-18.0.2\bin\net.dll
0x00007ffd01fc0000 - 0x00007ffd020f6000 	C:\WINDOWS\SYSTEM32\WINHTTP.dll
0x00007ffd0bab0000 - 0x00007ffd0bb19000 	C:\WINDOWS\system32\mswsock.dll
0x00007ffcebca0000 - 0x00007ffcebcb5000 	C:\Users\basma\.jdks\corretto-18.0.2\bin\nio.dll
0x00007ffcf3b70000 - 0x00007ffcf3b88000 	C:\Users\basma\.jdks\corretto-18.0.2\bin\zip.dll
0x00007ffcf8630000 - 0x00007ffcf8640000 	C:\Users\basma\.jdks\corretto-18.0.2\bin\verify.dll

dbghelp: loaded successfully - version: 4.0.5 - missing functions: none
symbol engine: initialized successfully - sym options: 0x614 - pdb path: .;C:\Users\basma\.jdks\corretto-18.0.2\bin;C:\WINDOWS\SYSTEM32;C:\WINDOWS\WinSxS\amd64_microsoft.windows.common-controls_6595b64144ccf1df_6.0.22621.3672_none_2713b9d173822955;C:\Users\basma\.jdks\corretto-18.0.2\bin\server

VM Arguments:
java_command: org.jetbrains.kotlin.cli.jvm.K2JVMCompiler @C:\Users\basma\Downloads\quick-draw-BasmaSalim2005-main\quick-draw-BasmaSalim2005-main\build\20240830_14758524541190422896.compiler.options
java_class_path (initial): C:\Users\basma\.gradle\caches\modules-2\files-2.1\org.jetbrains.kotlin\kotlin-compiler-embeddable\1.9.20\b44d2f7d8c1c67c0ed66d40e57e52623ca753db7\kotlin-compiler-embeddable-1.9.20.jar;C:\Users\basma\.gradle\caches\modules-2\files-2.1\org.jetbrains.kotlin\kotlin-stdlib\1.9.20\e58b4816ac517e9cc5df1db051120c63d4cde669\kotlin-stdlib-1.9.20.jar;C:\Users\basma\.gradle\caches\modules-2\files-2.1\org.jetbrains.kotlin\kotlin-script-runtime\1.9.20\6fdfef711b8e07f1a4d0979a60acd7bc8a800777\kotlin-script-runtime-1.9.20.jar;C:\Users\basma\.gradle\caches\modules-2\files-2.1\org.jetbrains.kotlin\kotlin-reflect\1.6.10\1cbe9c92c12a94eea200d23c2bbaedaf3daf5132\kotlin-reflect-1.6.10.jar;C:\Users\basma\.gradle\caches\modules-2\files-2.1\org.jetbrains.kotlin\kotlin-daemon-embeddable\1.9.20\a2a6b491bc53049e2f1af33245481db49034ba52\kotlin-daemon-embeddable-1.9.20.jar;C:\Users\basma\.gradle\caches\modules-2\files-2.1\org.jetbrains.intellij.deps\trove4j\1.0.20200330\3afb14d5f9ceb459d724e907a21145e8ff394f02\trove4j-1.0.20200330.jar;C:\Users\basma\.gradle\caches\modules-2\files-2.1\org.jetbrains\annotations\13.0\919f0dfe192fb4e063e7dacadee7f8bb9a2672a9\annotations-13.0.jar
Launcher Type: SUN_STANDARD

[Global flags]
     intx CICompilerCount                          = 3                                         {product} {ergonomic}
     uint ConcGCThreads                            = 1                                         {product} {ergonomic}
     uint G1ConcRefinementThreads                  = 4                                         {product} {ergonomic}
   size_t G1HeapRegionSize                         = 2097152                                   {product} {ergonomic}
    uintx GCDrainStackTargetSize                   = 64                                        {product} {ergonomic}
   size_t InitialHeapSize                          = 268435456                                 {product} {ergonomic}
   size_t MarkStackSize                            = 4194304                                   {product} {ergonomic}
   size_t MaxHeapSize                              = 4263510016                                {product} {ergonomic}
   size_t MaxNewSize                               = 2556428288                                {product} {ergonomic}
   size_t MinHeapDeltaBytes                        = 2097152                                   {product} {ergonomic}
   size_t MinHeapSize                              = 8388608                                   {product} {ergonomic}
    uintx NonNMethodCodeHeapSize                   = 5832780                                {pd product} {ergonomic}
    uintx NonProfiledCodeHeapSize                  = 122912730                              {pd product} {ergonomic}
    uintx ProfiledCodeHeapSize                     = 122912730                              {pd product} {ergonomic}
    uintx ReservedCodeCacheSize                    = 251658240                              {pd product} {ergonomic}
     bool SegmentedCodeCache                       = true                                      {product} {ergonomic}
   size_t SoftMaxHeapSize                          = 4263510016                             {manageable} {ergonomic}
     bool UseCompressedClassPointers               = true                           {product lp64_product} {ergonomic}
     bool UseCompressedOops                        = true                           {product lp64_product} {ergonomic}
     bool UseG1GC                                  = true                                      {product} {ergonomic}
     bool UseLargePagesIndividualAllocation        = false                                  {pd product} {ergonomic}

Logging:
Log output configuration:
 #0: stdout all=warning uptime,level,tags foldmultilines=false
 #1: stderr all=off uptime,level,tags foldmultilines=false

Environment Variables:
JAVA_HOME=C:\Program Files\Java\jdk-17
PATH=C:\Program Files\Common Files\Oracle\Java\javapath;C:\Program Files (x86)\Common Files\Oracle\Java\javapath;C:\WINDOWS\system32;C:\WINDOWS;C:\WINDOWS\System32\Wbem;C:\WINDOWS\System32\WindowsPowerShell\v1.0\;C:\WINDOWS\System32\OpenSSH\;C:\Program Files\Git\cmd;C:\Program Files (x86)\Java\jre-1.8\bin;C:\Users\basma\AppData\Local\Programs\Python\Python312\Scripts\;C:\Users\basma\AppData\Local\Programs\Python\Python312\;C:\Users\basma\AppData\Local\Programs\Python\Launcher\;C:\Users\basma\AppData\Local\Microsoft\WindowsApps;C:\Users\basma\AppData\Local\Programs\Microsoft VS Code\bin;C:\Program Files\JetBrains\IntelliJ IDEA Community Edition 2023.3.4\bin;C:\Program Files\JetBrains\IntelliJ IDEA 2023.3.4\bin;C:\Users\basma\AppData\Local\JetBrains\Toolbox\scripts;C:\msys64\ucrt64\bin;
USERNAME=basma
OS=Windows_NT
PROCESSOR_IDENTIFIER=Intel64 Family 6 Model 142 Stepping 9, GenuineIntel



---------------  S Y S T E M  ---------------

OS:
 Windows 11 , 64 bit Build 22621 (10.0.22621.3672)
OS uptime: 21 days 23:23 hours
Hyper-V role detected

CPU: total 4 (initial active 4) (2 cores per cpu, 2 threads per core) family 6 model 142 stepping 9 microcode 0xf4, cx8, cmov, fxsr, ht, mmx, 3dnowpref, sse, sse2, sse3, ssse3, sse4.1, sse4.2, popcnt, lzcnt, tsc, tscinvbit, avx, avx2, aes, erms, clmul, bmi1, bmi2, rtm, adx, fma, vzeroupper, clflush, clflushopt, hv

Memory: 4k page, system-wide physical 16259M (607M free)
TotalPageFile size 47678M (AvailPageFile size 1M)
current process WorkingSet (physical memory assigned to process): 107M, peak: 107M
current process commit charge ("private bytes"): 368M, peak: 368M

vm_info: OpenJDK 64-Bit Server VM (18.0.2+9-FR) for windows-amd64 JRE (18.0.2+9-FR), built on Jul 15 2022 20:03:03 by "Administrator" with MS VC++ 15.9 (VS2017)

END.
